Arguments: 
  D:\software\Node_js\node.exe C:\Program Files (x86)\Yarn\bin\yarn.js add src/redux/reducers/node_modules/redux --silent --no-progress

PATH: 
  C:\Users\EleLee\AppData\Roaming\npm\node_modules\npm\node_modules\npm-lifecycle\node-gyp-bin;G:\练习\taro-demo\myApp\node_modules\.bin;C:\Users\EleLee\AppData\Local\Temp\yarn--1555862055859-0.8872898742201052;G:\练习\taro-demo\myApp\node_modules\.bin;C:\Users\EleLee\AppData\Local\Yarn\Data\link\node_modules\.bin;D:\software\libexec\lib\node_modules\npm\bin\node-gyp-bin;D:\software\lib\node_modules\npm\bin\node-gyp-bin;D:\software\Node_js\node_modules\npm\bin\node-gyp-bin;C:\ProgramData\Oracle\Java\javapath;C:\Program Files\Broadcom\Broadcom 802.11 Network Adapter;C:\WINDOWS\system32;C:\WINDOWS;C:\WINDOWS\System32\Wbem;C:\WINDOWS\System32\WindowsPowerShell\v1.0\;D:\software\Node_js\;D:\software\Git\cmd;G:\apache-tomcat-7.0.78\bin;C:\Program Files\Java\jdk1.8.0_91\bin;C:\Program Files\Java\jre1.8.0_91\bin;;D:\software\Microsoft VS Code\bin;C:\WINDOWS\System32\OpenSSH\;C:\Program Files (x86)\Yarn\bin\;C:\Users\EleLee\AppData\Roaming\npm;D:\software\Microsoft VS Code\bin;C:\Users\EleLee\AppData\Local\Microsoft\WindowsApps;;D:\software\Fiddler;C:\Users\EleLee\AppData\Local\Microsoft\WindowsApps;C:\Program Files (x86)\Egret\Egret Wing 3\bin;C:\Users\EleLee\AppData\Local\Yarn\bin

Yarn version: 
  1.15.2

Node version: 
  8.6.0

Platform: 
  win32 x64

Trace: 
  Error: https://registry.npm.taobao.org/src%2fredux/reducers/node_modules/redux: not_found
      at Request.params.callback [as _callback] (C:\Program Files (x86)\Yarn\lib\cli.js:65167:18)
      at Request.self.callback (C:\Program Files (x86)\Yarn\lib\cli.js:129541:22)
      at emitTwo (events.js:125:13)
      at Request.emit (events.js:213:7)
      at Request.<anonymous> (C:\Program Files (x86)\Yarn\lib\cli.js:130513:10)
      at emitOne (events.js:115:13)
      at Request.emit (events.js:210:7)
      at Gunzip.<anonymous> (C:\Program Files (x86)\Yarn\lib\cli.js:130435:12)
      at Object.onceWrapper (events.js:314:30)
      at emitNone (events.js:110:20)

npm manifest: 
  {
    "name": "myApp",
    "version": "1.0.0",
    "private": true,
    "description": "demo",
    "scripts": {
      "build:weapp": "taro build --type weapp",
      "build:swan": "taro build --type swan",
      "build:alipay": "taro build --type alipay",
      "build:tt": "taro build --type tt",
      "build:h5": "taro build --type h5",
      "build:rn": "taro build --type rn",
      "dev:weapp": "npm run build:weapp -- --watch",
      "dev:swan": "npm run build:swan -- --watch",
      "dev:alipay": "npm run build:alipay -- --watch",
      "dev:tt": "npm run build:tt -- --watch",
      "dev:h5": "npm run build:h5 -- --watch",
      "dev:rn": "npm run build:rn -- --watch"
    },
    "author": "",
    "license": "MIT",
    "dependencies": {
      "@tarojs/components": "1.2.26",
      "@tarojs/redux": "^1.2.26",
      "@tarojs/redux-h5": "^1.2.26",
      "@tarojs/router": "1.2.26",
      "@tarojs/taro": "1.2.26",
      "@tarojs/taro-alipay": "1.2.26",
      "@tarojs/taro-h5": "1.2.26",
      "@tarojs/taro-swan": "1.2.26",
      "@tarojs/taro-tt": "1.2.26",
      "@tarojs/taro-weapp": "1.2.26",
      "nerv-devtools": "^1.3.9",
      "nervjs": "^1.3.9",
      "redux": "^4.0.1",
      "redux-logger": "^3.0.6",
      "redux-thunk": "^2.3.0"
    },
    "devDependencies": {
      "@types/react": "^16.4.6",
      "@types/webpack-env": "^1.13.6",
      "@tarojs/plugin-babel": "1.2.26",
      "@tarojs/plugin-csso": "1.2.26",
      "@tarojs/plugin-less": "1.2.26",
      "@tarojs/plugin-uglifyjs": "1.2.26",
      "@tarojs/webpack-runner": "1.2.26",
      "babel-plugin-transform-class-properties": "^6.24.1",
      "babel-plugin-transform-decorators-legacy": "^1.3.4",
      "babel-plugin-transform-jsx-stylesheet": "^0.6.5",
      "babel-plugin-transform-object-rest-spread": "^6.26.0",
      "babel-preset-env": "^1.6.1",
      "babel-eslint": "^8.2.3",
      "eslint": "^4.19.1",
      "eslint-config-taro": "1.2.26",
      "eslint-plugin-react": "^7.8.2",
      "eslint-plugin-import": "^2.12.0",
      "eslint-plugin-taro": "1.2.26",
      "@typescript-eslint/parser": "^1.6.0",
      "typescript": "^3.0.1"
    }
  }

yarn manifest: 
  No manifest

Lockfile: 
  No lockfile
